<?xml version="1.0" encoding="UTF-8"?>
<testsuite xmlns:xsi="http://www.w3.org/2001/XMLSchema-instance" xsi:noNamespaceSchemaLocation="https://maven.apache.org/surefire/maven-surefire-plugin/xsd/surefire-test-report.xsd" version="3.0.2" name="com.dbtraining.reconx.service.ReconciliationIntegrationTest" time="94.497" tests="1" errors="0" skipped="0" failures="0">
  <properties>
[...]
</properties>
  <testcase name="contextLoads" classname="com.dbtraining.reconx.service.ReconciliationIntegrationTest" time="0.836">
    <system-out><![CDATA[23:57:17.311 [main] INFO org.springframework.test.context.support.AnnotationConfigContextLoaderUtils -- Could not detect default configuration classes for test class [com.dbtraining.reconx.service.ReconciliationIntegrationTest]: ReconciliationIntegrationTest does not declare any static, non-private, non-final, nested classes annotated with @Configuration.
23:57:19.639 [main] INFO org.springframework.boot.test.context.SpringBootTestContextBootstrapper -- Found @SpringBootConfiguration com.dbtraining.reconx.ReconxApplication for test class com.dbtraining.reconx.service.ReconciliationIntegrationTest

  .   ____          _            __ _ _
 /\\ / ___'_ __ _ _(_)_ __  __ _ \ \ \ \
( ( )\___ | '_ | '_| | '_ \/ _` | \ \ \ \
 \\/  ___)| |_)| | | | | || (_| |  ) ) ) )
  '  |____| .__|_| |_|_| |_\__, | / / / /
 =========|_|==============|___/=/_/_/_/

 :: Spring Boot ::                (v3.5.0)

2026-07-28T23:57:28.659+05:30  INFO 26588 --- [reconx] [           main] [] []c.d.r.s.ReconciliationIntegrationTest    : Starting ReconciliationIntegrationTest using Java 21.0.11 with PID 26588 (started by Pooja_31 in C:\Users\Pooja_31\db2026-reconX-main\backend)
2026-07-28T23:57:28.670+05:30  INFO 26588 --- [reconx] [           main] [] []c.d.r.s.ReconciliationIntegrationTest    : The following 1 profile is active: "test"
2026-07-28T23:57:42.984+05:30  INFO 26588 --- [reconx] [           main] [] [].s.d.r.c.RepositoryConfigurationDelegate : Bootstrapping Spring Data JPA repositories in DEFAULT mode.
2026-07-28T23:57:43.755+05:30  INFO 26588 --- [reconx] [           main] [] [].s.d.r.c.RepositoryConfigurationDelegate : Finished Spring Data repository scanning in 620 ms. Found 6 JPA repository interfaces.
2026-07-28T23:57:53.969+05:30  INFO 26588 --- [reconx] [           main] [] []com.zaxxer.hikari.HikariDataSource       : HikariPool-1 - Starting...
2026-07-28T23:57:58.109+05:30  INFO 26588 --- [reconx] [           main] [] []com.zaxxer.hikari.pool.HikariPool        : HikariPool-1 - Added connection conn0: url=jdbc:h2:mem:reconxdb user=SA
2026-07-28T23:57:58.121+05:30  INFO 26588 --- [reconx] [           main] [] []com.zaxxer.hikari.HikariDataSource       : HikariPool-1 - Start completed.
2026-07-28T23:57:59.187+05:30  INFO 26588 --- [reconx] [           main] [] []liquibase.database                       : Set default schema name to PUBLIC
2026-07-28T23:58:04.209+05:30  INFO 26588 --- [reconx] [           main] [] []liquibase.changelog                      : Creating database history table with name: PUBLIC.DATABASECHANGELOG
2026-07-28T23:58:05.016+05:30  INFO 26588 --- [reconx] [           main] [] []liquibase.changelog                      : Reading from PUBLIC.DATABASECHANGELOG
2026-07-28T23:58:06.672+05:30  INFO 26588 --- [reconx] [           main] [] []liquibase.snapshot                       : Creating snapshot
2026-07-28T23:58:07.060+05:30  INFO 26588 --- [reconx] [           main] [] []liquibase.lockservice                    : Successfully acquired change log lock
2026-07-28T23:58:07.061+05:30  INFO 26588 --- [reconx] [           main] [] []liquibase.command                        : Using deploymentId: 5263273811
2026-07-28T23:58:07.065+05:30  INFO 26588 --- [reconx] [           main] [] []liquibase.changelog                      : Reading from PUBLIC.DATABASECHANGELOG
2026-07-28T23:58:07.262+05:30  INFO 26588 --- [reconx] [           main] [] []liquibase.ui                             : Running Changeset: db/changelog/changes/001-init.xml::001-init-tag::trainer
2026-07-28T23:58:07.270+05:30  INFO 26588 --- [reconx] [           main] [] []liquibase.changelog                      : Tag 'v1.0.0-init' applied to database
2026-07-28T23:58:07.275+05:30  INFO 26588 --- [reconx] [           main] [] []liquibase.changelog                      : ChangeSet db/changelog/changes/001-init.xml::001-init-tag::trainer ran successfully in 9ms
2026-07-28T23:58:07.297+05:30  INFO 26588 --- [reconx] [           main] [] []liquibase.ui                             : Running Changeset: db/changelog/changes/002-schema.xml::002-create-counterparties::trainer
2026-07-28T23:58:07.326+05:30  INFO 26588 --- [reconx] [           main] [] []liquibase.changelog                      : Table counterparties created
2026-07-28T23:58:07.327+05:30  INFO 26588 --- [reconx] [           main] [] []liquibase.changelog                      : ChangeSet db/changelog/changes/002-schema.xml::002-create-counterparties::trainer ran successfully in 29ms
2026-07-28T23:58:07.330+05:30  INFO 26588 --- [reconx] [           main] [] []liquibase.ui                             : Running Changeset: db/changelog/changes/002-schema.xml::002-create-instruments::trainer
2026-07-28T23:58:07.336+05:30  INFO 26588 --- [reconx] [           main] [] []liquibase.changelog                      : Table instruments created
2026-07-28T23:58:07.336+05:30  INFO 26588 --- [reconx] [           main] [] []liquibase.changelog                      : ChangeSet db/changelog/changes/002-schema.xml::002-create-instruments::trainer ran successfully in 5ms
2026-07-28T23:58:07.350+05:30  INFO 26588 --- [reconx] [           main] [] []liquibase.ui                             : Running Changeset: db/changelog/changes/002-schema.xml::002-create-trades::trainer
2026-07-28T23:58:07.365+05:30  INFO 26588 --- [reconx] [           main] [] []liquibase.changelog                      : Table trades created
2026-07-28T23:58:07.388+05:30  INFO 26588 --- [reconx] [           main] [] []liquibase.changelog                      : Foreign key constraint added to trades (instrument_id)
2026-07-28T23:58:07.395+05:30  INFO 26588 --- [reconx] [           main] [] []liquibase.changelog                      : Foreign key constraint added to trades (counterparty_id)
2026-07-28T23:58:07.398+05:30  INFO 26588 --- [reconx] [           main] [] []liquibase.changelog                      : Index idx_trades_trade_date created
2026-07-28T23:58:07.400+05:30  INFO 26588 --- [reconx] [           main] [] []liquibase.changelog                      : Index idx_trades_status created
2026-07-28T23:58:07.400+05:30  INFO 26588 --- [reconx] [           main] [] []liquibase.changelog                      : ChangeSet db/changelog/changes/002-schema.xml::002-create-trades::trainer ran successfully in 49ms
2026-07-28T23:58:07.404+05:30  INFO 26588 --- [reconx] [           main] [] []liquibase.ui                             : Running Changeset: db/changelog/changes/002-schema.xml::002-create-settlements::trainer
2026-07-28T23:58:07.410+05:30  INFO 26588 --- [reconx] [           main] [] []liquibase.changelog                      : Table settlements created
2026-07-28T23:58:07.413+05:30  INFO 26588 --- [reconx] [           main] [] []liquibase.changelog                      : Foreign key constraint added to settlements (trade_id)
2026-07-28T23:58:07.414+05:30  INFO 26588 --- [reconx] [           main] [] []liquibase.changelog                      : ChangeSet db/changelog/changes/002-schema.xml::002-create-settlements::trainer ran successfully in 8ms
2026-07-28T23:58:07.416+05:30  INFO 26588 --- [reconx] [           main] [] []liquibase.ui                             : Running Changeset: db/changelog/changes/003-jsonb.xml::003-jsonb-on-instruments::trainer
2026-07-28T23:58:07.423+05:30  INFO 26588 --- [reconx] [           main] [] []liquibase.changelog                      : Marking ChangeSet: "db/changelog/changes/003-jsonb.xml::003-jsonb-on-instruments::trainer" as ran despite precondition failure due to onFail='MARK_RAN': 
          db/changelog/db.changelog-master.xml : DBMS Precondition failed: expected postgresql, got h2

2026-07-28T23:58:07.426+05:30  INFO 26588 --- [reconx] [           main] [] []liquibase.ui                             : Running Changeset: db/changelog/changes/004-partitioning.xml::004-trades-drop-nonpartitioned::student
2026-07-28T23:58:07.427+05:30  INFO 26588 --- [reconx] [           main] [] []liquibase.changelog                      : Marking ChangeSet: "db/changelog/changes/004-partitioning.xml::004-trades-drop-nonpartitioned::student" as ran despite precondition failure due to onFail='MARK_RAN': 
          db/changelog/db.changelog-master.xml : DBMS Precondition failed: expected postgresql, got h2

2026-07-28T23:58:07.435+05:30  INFO 26588 --- [reconx] [           main] [] []liquibase.ui                             : Running Changeset: db/changelog/changes/004-partitioning.xml::004-trades-partitioned-parent::student
2026-07-28T23:58:07.436+05:30  INFO 26588 --- [reconx] [           main] [] []liquibase.changelog                      : Marking ChangeSet: "db/changelog/changes/004-partitioning.xml::004-trades-partitioned-parent::student" as ran despite precondition failure due to onFail='MARK_RAN': 
          db/changelog/db.changelog-master.xml : DBMS Precondition failed: expected postgresql, got h2

2026-07-28T23:58:07.442+05:30  INFO 26588 --- [reconx] [           main] [] []liquibase.ui                             : Running Changeset: db/changelog/changes/004-partitioning.xml::004-trades-monthly-partitions::student
2026-07-28T23:58:07.444+05:30  INFO 26588 --- [reconx] [           main] [] []liquibase.changelog                      : Marking ChangeSet: "db/changelog/changes/004-partitioning.xml::004-trades-monthly-partitions::student" as ran despite precondition failure due to onFail='MARK_RAN': 
          db/changelog/db.changelog-master.xml : DBMS Precondition failed: expected postgresql, got h2

2026-07-28T23:58:07.450+05:30  INFO 26588 --- [reconx] [           main] [] []liquibase.ui                             : Running Changeset: db/changelog/changes/005-mat-views.xml::005-mv-daily-recon-summary::trainer
2026-07-28T23:58:07.452+05:30  INFO 26588 --- [reconx] [           main] [] []liquibase.changelog                      : Marking ChangeSet: "db/changelog/changes/005-mat-views.xml::005-mv-daily-recon-summary::trainer" as ran despite precondition failure due to onFail='MARK_RAN': 
          db/changelog/db.changelog-master.xml : DBMS Precondition failed: expected postgresql, got h2

2026-07-28T23:58:07.459+05:30  INFO 26588 --- [reconx] [           main] [] []liquibase.ui                             : Running Changeset: db/changelog/changes/006-audit-and-recon.xml::006-create-audit-log::trainer
2026-07-28T23:58:07.466+05:30  INFO 26588 --- [reconx] [           main] [] []liquibase.changelog                      : Table audit_log created
2026-07-28T23:58:07.469+05:30  INFO 26588 --- [reconx] [           main] [] []liquibase.changelog                      : Index idx_audit_log_trade_ref created
2026-07-28T23:58:07.469+05:30  INFO 26588 --- [reconx] [           main] [] []liquibase.changelog                      : ChangeSet db/changelog/changes/006-audit-and-recon.xml::006-create-audit-log::trainer ran successfully in 10ms
2026-07-28T23:58:07.473+05:30  INFO 26588 --- [reconx] [           main] [] []liquibase.ui                             : Running Changeset: db/changelog/changes/006-audit-and-recon.xml::006-create-recon-breaks::trainer
2026-07-28T23:58:07.477+05:30  INFO 26588 --- [reconx] [           main] [] []liquibase.changelog                      : Table recon_breaks created
2026-07-28T23:58:07.478+05:30  INFO 26588 --- [reconx] [           main] [] []liquibase.changelog                      : ChangeSet db/changelog/changes/006-audit-and-recon.xml::006-create-recon-breaks::trainer ran successfully in 4ms
2026-07-28T23:58:07.480+05:30  INFO 26588 --- [reconx] [           main] [] []liquibase.ui                             : Running Changeset: db/changelog/changes/006-audit-and-recon.xml::006-add-recon-breaks-fk-nonpartitioned::trainer
2026-07-28T23:58:07.484+05:30  INFO 26588 --- [reconx] [           main] [] []liquibase.snapshot                       : Creating snapshot
2026-07-28T23:58:07.492+05:30  INFO 26588 --- [reconx] [           main] [] []liquibase.changelog                      : Foreign key constraint added to recon_breaks (trade_id)
2026-07-28T23:58:07.492+05:30  INFO 26588 --- [reconx] [           main] [] []liquibase.changelog                      : ChangeSet db/changelog/changes/006-audit-and-recon.xml::006-add-recon-breaks-fk-nonpartitioned::trainer ran successfully in 12ms
2026-07-28T23:58:07.503+05:30  INFO 26588 --- [reconx] [           main] [] []liquibase.ui                             : Running Changeset: db/changelog/changes/006-audit-and-recon.xml::006-create-recon-jobs::trainer
2026-07-28T23:58:07.512+05:30  INFO 26588 --- [reconx] [           main] [] []liquibase.changelog                      : Table recon_jobs created
2026-07-28T23:58:07.513+05:30  INFO 26588 --- [reconx] [           main] [] []liquibase.changelog                      : ChangeSet db/changelog/changes/006-audit-and-recon.xml::006-create-recon-jobs::trainer ran successfully in 8ms
2026-07-28T23:58:07.516+05:30  INFO 26588 --- [reconx] [           main] [] []liquibase.ui                             : Running Changeset: db/changelog/changes/007-users-rbac.xml::007-create-users::trainer
2026-07-28T23:58:07.521+05:30  INFO 26588 --- [reconx] [           main] [] []liquibase.changelog                      : Table users created
2026-07-28T23:58:07.522+05:30  INFO 26588 --- [reconx] [           main] [] []liquibase.changelog                      : ChangeSet db/changelog/changes/007-users-rbac.xml::007-create-users::trainer ran successfully in 6ms
2026-07-28T23:58:07.529+05:30  INFO 26588 --- [reconx] [           main] [] []liquibase.ui                             : Running Changeset: db/changelog/changes/008-seed.xml::008-seed-counterparties::trainer
2026-07-28T23:58:07.580+05:30  INFO 26588 --- [reconx] [           main] [] []liquibase.statement                      : Executing JDBC DML batch was successful. 10 operations were executed, 1 individual UPDATE events were confirmed by the database.
2026-07-28T23:58:07.582+05:30  INFO 26588 --- [reconx] [           main] [] []liquibase.changelog                      : Data loaded from 'data/counterparties.csv' into table 'counterparties'
2026-07-28T23:58:07.584+05:30  INFO 26588 --- [reconx] [           main] [] []liquibase.changelog                      : ChangeSet db/changelog/changes/008-seed.xml::008-seed-counterparties::trainer ran successfully in 53ms
2026-07-28T23:58:07.594+05:30  INFO 26588 --- [reconx] [           main] [] []liquibase.ui                             : Running Changeset: db/changelog/changes/008-seed.xml::008-seed-instruments::trainer
2026-07-28T23:58:07.602+05:30  INFO 26588 --- [reconx] [           main] [] []liquibase.statement                      : Using java.sql.Types.NULL to set null value for type STRING
2026-07-28T23:58:07.603+05:30  INFO 26588 --- [reconx] [           main] [] []liquibase.statement                      : Using java.sql.Types.NULL to set null value for type STRING
2026-07-28T23:58:07.604+05:30  INFO 26588 --- [reconx] [           main] [] []liquibase.statement                      : Using java.sql.Types.NULL to set null value for type STRING
2026-07-28T23:58:07.611+05:30  INFO 26588 --- [reconx] [           main] [] []liquibase.statement                      : Executing JDBC DML batch was successful. 15 operations were executed, 1 individual UPDATE events were confirmed by the database.
2026-07-28T23:58:07.611+05:30  INFO 26588 --- [reconx] [           main] [] []liquibase.changelog                      : Data loaded from 'data/instruments.csv' into table 'instruments'
2026-07-28T23:58:07.612+05:30  INFO 26588 --- [reconx] [           main] [] []liquibase.changelog                      : ChangeSet db/changelog/changes/008-seed.xml::008-seed-instruments::trainer ran successfully in 17ms
2026-07-28T23:58:07.616+05:30  INFO 26588 --- [reconx] [           main] [] []liquibase.ui                             : Running Changeset: db/changelog/changes/008-seed.xml::008-seed-users::trainer
2026-07-28T23:58:07.619+05:30  INFO 26588 --- [reconx] [           main] [] []liquibase.changelog                      : New row inserted into users
2026-07-28T23:58:07.620+05:30  INFO 26588 --- [reconx] [           main] [] []liquibase.changelog                      : New row inserted into users
2026-07-28T23:58:07.623+05:30  INFO 26588 --- [reconx] [           main] [] []liquibase.changelog                      : New row inserted into users
2026-07-28T23:58:07.625+05:30  INFO 26588 --- [reconx] [           main] [] []liquibase.changelog                      : New row inserted into users
2026-07-28T23:58:07.626+05:30  INFO 26588 --- [reconx] [           main] [] []liquibase.changelog                      : ChangeSet db/changelog/changes/008-seed.xml::008-seed-users::trainer ran successfully in 9ms
2026-07-28T23:58:07.647+05:30  INFO 26588 --- [reconx] [           main] [] []liquibase.util                           : UPDATE SUMMARY
2026-07-28T23:58:07.648+05:30  INFO 26588 --- [reconx] [           main] [] []liquibase.util                           : Run:                         18
2026-07-28T23:58:07.648+05:30  INFO 26588 --- [reconx] [           main] [] []liquibase.util                           : Previously run:               0
2026-07-28T23:58:07.648+05:30  INFO 26588 --- [reconx] [           main] [] []liquibase.util                           : Filtered out:                 0
2026-07-28T23:58:07.648+05:30  INFO 26588 --- [reconx] [           main] [] []liquibase.util                           : -------------------------------
2026-07-28T23:58:07.649+05:30  INFO 26588 --- [reconx] [           main] [] []liquibase.util                           : Total change sets:           18
2026-07-28T23:58:07.652+05:30  INFO 26588 --- [reconx] [           main] [] []liquibase.util                           : Update summary generated
2026-07-28T23:58:07.663+05:30  INFO 26588 --- [reconx] [           main] [] []liquibase.command                        : Update command completed successfully.
2026-07-28T23:58:07.664+05:30  INFO 26588 --- [reconx] [           main] [] []liquibase.ui                             : Liquibase: Update has been successful. Rows affected: 22
2026-07-28T23:58:07.668+05:30  INFO 26588 --- [reconx] [           main] [] []liquibase.lockservice                    : Successfully released change log lock
2026-07-28T23:58:07.670+05:30  INFO 26588 --- [reconx] [           main] [] []liquibase.command                        : Command execution complete
2026-07-28T23:58:09.547+05:30  INFO 26588 --- [reconx] [           main] [] []o.hibernate.jpa.internal.util.LogHelper  : HHH000204: Processing PersistenceUnitInfo [name: default]
2026-07-28T23:58:09.719+05:30  INFO 26588 --- [reconx] [           main] [] []org.hibernate.Version                    : HHH000412: Hibernate ORM core version 6.6.15.Final
2026-07-28T23:58:09.870+05:30  INFO 26588 --- [reconx] [           main] [] []o.h.c.internal.RegionFactoryInitiator    : HHH000026: Second-level cache disabled
2026-07-28T23:58:10.153+05:30  INFO 26588 --- [reconx] [           main] [] []o.h.e.boot.internal.EnversServiceImpl    : Envers integration enabled? : true
2026-07-28T23:58:10.310+05:30  WARN 26588 --- [reconx] [           main] [] []org.hibernate.orm.deprecation            : HHH90000025: H2Dialect does not need to be specified explicitly using 'hibernate.dialect' (remove the property setting and it will be selected by default)
2026-07-28T23:58:10.351+05:30  INFO 26588 --- [reconx] [           main] [] []org.hibernate.orm.connections.pooling    : HHH10001005: Database info:
	Database JDBC URL [Connecting through datasource 'HikariDataSource (HikariPool-1)']
	Database driver: undefined/unknown
	Database version: 2.3.232
	Autocommit mode: undefined/unknown
	Isolation level: undefined/unknown
	Minimum pool size: undefined/unknown
	Maximum pool size: undefined/unknown
2026-07-28T23:58:10.898+05:30  INFO 26588 --- [reconx] [           main] [] []o.s.o.j.p.SpringPersistenceUnitInfo      : No LoadTimeWeaver setup: ignoring JPA class transformer
2026-07-28T23:58:24.820+05:30  INFO 26588 --- [reconx] [           main] [] []o.h.e.t.j.p.i.JtaPlatformInitiator       : HHH000489: No JTA platform available (set 'hibernate.transaction.jta.platform' to enable JTA platform integration)
2026-07-28T23:58:25.091+05:30  INFO 26588 --- [reconx] [           main] [] []j.LocalContainerEntityManagerFactoryBean : Initialized JPA EntityManagerFactory for persistence unit 'default'
2026-07-28T23:58:30.023+05:30  INFO 26588 --- [reconx] [           main] [] []o.s.d.j.r.query.QueryEnhancerFactory     : Hibernate is in classpath; If applicable, HQL parser will be used.
2026-07-28T23:58:38.973+05:30  WARN 26588 --- [reconx] [           main] [] [].s.s.UserDetailsServiceAutoConfiguration : 

Using generated security password: 58d12e04-34a2-41bd-84a0-a6ac910d1258

This generated password is for development use only. Your security configuration must be updated before running your application in production.

2026-07-28T23:58:39.120+05:30  INFO 26588 --- [reconx] [           main] [] []r$InitializeUserDetailsManagerConfigurer : Global AuthenticationManager configured with UserDetailsService bean with name inMemoryUserDetailsManager
2026-07-28T23:58:47.732+05:30  WARN 26588 --- [reconx] [           main] [] []i.m.c.i.b.cache.CaffeineCacheMetrics     : The cache 'instruments' is not recording statistics. No meters except 'cache.size' will be registered. Call 'Caffeine#recordStats()' prior to building the cache for metrics to be recorded.
2026-07-28T23:58:47.741+05:30  WARN 26588 --- [reconx] [           main] [] []i.m.c.i.b.cache.CaffeineCacheMetrics     : The cache 'counterparties' is not recording statistics. No meters except 'cache.size' will be registered. Call 'Caffeine#recordStats()' prior to building the cache for metrics to be recorded.
2026-07-28T23:58:48.249+05:30  INFO 26588 --- [reconx] [           main] [] []o.s.b.a.h2.H2ConsoleAutoConfiguration    : H2 console available at '/h2-console'. Database available at 'jdbc:h2:mem:reconxdb'
2026-07-28T23:58:48.907+05:30  INFO 26588 --- [reconx] [           main] [] []o.s.b.a.e.web.EndpointLinksResolver      : Exposing 5 endpoints beneath base path '/actuator'
2026-07-28T23:58:49.369+05:30  INFO 26588 --- [reconx] [           main] [] []c.d.r.s.ReconciliationIntegrationTest    : Started ReconciliationIntegrationTest in 87.791 seconds (process running for 101.216)
]]></system-out>
    <system-err><![CDATA[Mockito is currently self-attaching to enable the inline-mock-maker. This will no longer work in future releases of the JDK. Please add Mockito as an agent to your build as described in Mockito's documentation: https://javadoc.io/doc/org.mockito/mockito-core/latest/org.mockito/org/mockito/Mockito.html#0.3
WARNING: A Java agent has been loaded dynamically (C:\Users\Pooja_31\.m2\repository\net\bytebuddy\byte-buddy-agent\1.17.5\byte-buddy-agent-1.17.5.jar)
WARNING: If a serviceability tool is in use, please run with -XX:+EnableDynamicAgentLoading to hide this warning
WARNING: If a serviceability tool is not in use, please run with -Djdk.instrument.traceUsage for more information
WARNING: Dynamic loading of agents will be disallowed by default in a future release
]]></system-err>
  </testcase>
</testsuite>