GROUP,PACKAGE,CLASS,INSTRUCTION_MISSED,INSTRUCTION_COVERED,BRANCH_MISSED,BRANCH_COVERED,LINE_MISSED,LINE_COVERED,COMPLEXITY_MISSED,COMPLEXITY_COVERED,METHOD_MISSED,METHOD_COVERED
reconx,com.dbtraining.reconx.config,OpenApiConfig,0,3,0,0,0,1,0,1,0,1
reconx,com.dbtraining.reconx.controller,TradeController,29,9,0,0,5,4,5,1,5,1
reconx,com.dbtraining.reconx.controller,ReconController,12,6,0,0,3,1,3,1,3,1
reconx,com.dbtraining.reconx.controller,AuthController,5,12,0,0,1,5,1,1,1,1
reconx,com.dbtraining.reconx.controller,AuditController,4,6,0,0,2,1,2,1,2,1
reconx,com.dbtraining.reconx.repository,TradeSpecifications,15,0,0,0,3,0,3,0,3,0
reconx,com.dbtraining.reconx.security,SecurityConfig,0,36,0,0,0,7,0,7,0,7
reconx,com.dbtraining.reconx.security,JwtTokenProvider,15,15,0,0,3,5,3,1,3,1
reconx,com.dbtraining.reconx.security,JwtAuthenticationFilter,5,6,0,0,2,1,1,1,1,1
reconx,com.dbtraining.reconx,ReconxApplication,5,3,0,0,2,1,1,1,1,1
reconx,com.dbtraining.reconx.model,TradeType,9,7,0,0,1,3,2,1,2,1
reconx,com.dbtraining.reconx.model,TradeType.AssetClass,0,27,0,0,0,1,0,1,0,1
reconx,com.dbtraining.reconx.model,Money,34,20,1,1,5,5,5,1,4,1
reconx,com.dbtraining.reconx.model,BondTrade.Builder,54,0,0,0,11,0,11,0,11,0
reconx,com.dbtraining.reconx.model,DerivativeTrade,99,0,0,0,28,0,17,0,17,0
reconx,com.dbtraining.reconx.model,FXTrade,85,0,0,0,24,0,15,0,15,0
reconx,com.dbtraining.reconx.model,Side,0,15,0,0,0,2,0,1,0,1
reconx,com.dbtraining.reconx.model,ReconciliationRule,16,115,3,9,3,17,4,7,2,3
reconx,com.dbtraining.reconx.model,DerivativeTrade.OptionType,15,0,0,0,1,0,1,0,1,0
reconx,com.dbtraining.reconx.model,EquityTrade,38,89,3,3,6,21,9,9,6,9
reconx,com.dbtraining.reconx.model,DerivativeTrade.Builder,59,0,0,0,12,0,12,0,12,0
reconx,com.dbtraining.reconx.model,EquityTrade.Builder,10,98,2,2,2,20,2,11,0,11
reconx,com.dbtraining.reconx.model,BondTrade,92,0,0,0,26,0,16,0,16,0
reconx,com.dbtraining.reconx.model,FXTrade.Builder,50,0,0,0,10,0,10,0,10,0
reconx,com.dbtraining.reconx.model,TradeRef,15,24,1,1,3,6,2,3,1,3
reconx,com.dbtraining.reconx.model,TradeFactory,25,0,0,0,5,0,5,0,5,0
reconx,com.dbtraining.reconx.repository.entity,Counterparty,27,3,0,0,8,1,8,1,8,1
reconx,com.dbtraining.reconx.repository.entity,AppUser,18,7,0,0,6,3,6,1,6,1
reconx,com.dbtraining.reconx.repository.entity,ReconBreak,39,6,0,0,13,2,10,1,10,1
reconx,com.dbtraining.reconx.repository.entity,AuditLogEntry,48,3,0,0,17,1,9,1,9,1
reconx,com.dbtraining.reconx.repository.entity,Instrument,18,3,0,0,6,1,6,1,6,1
reconx,com.dbtraining.reconx.repository.entity,Trade,79,6,0,0,23,2,23,1,23,1
reconx,com.dbtraining.reconx.exception,DuplicateTradeRefException,5,0,0,0,2,0,1,0,1,0
reconx,com.dbtraining.reconx.exception,GlobalExceptionHandler,30,3,0,0,6,1,6,1,6,1
reconx,com.dbtraining.reconx.exception,TradeNotFoundException,5,0,0,0,2,0,1,0,1,0
reconx,com.dbtraining.reconx.exception,InvalidTradeException,4,0,0,0,1,0,1,0,1,0
reconx,com.dbtraining.reconx.exception,ReconException,9,0,0,0,2,0,2,0,2,0
reconx,com.dbtraining.reconx.exception,ReconciliationMismatchException,4,0,0,0,1,0,1,0,1,0
reconx,com.dbtraining.reconx.kafka,ReconciliationConsumer,5,7,0,0,1,2,1,2,1,2
reconx,com.dbtraining.reconx.kafka,KafkaErrorHandlerConfig,0,3,0,0,0,1,0,1,0,1
reconx,com.dbtraining.reconx.kafka,AlertConsumer,5,7,0,0,1,2,1,2,1,2
reconx,com.dbtraining.reconx.kafka,KafkaTopicsConfig,3,0,0,0,1,0,1,0,1,0
reconx,com.dbtraining.reconx.kafka,TradeEventProducer,5,10,0,0,1,4,1,2,1,2
reconx,com.dbtraining.reconx.kafka,AuditEventConsumer,5,10,0,0,1,2,1,2,1,2
reconx,com.dbtraining.reconx.observability,DatabaseHealthIndicator,4,6,0,0,2,1,1,1,1,1
reconx,com.dbtraining.reconx.observability,TradeMetrics,7,31,0,0,2,13,3,1,3,1
reconx,com.dbtraining.reconx.dto,TradeEvent,24,0,0,0,1,0,1,0,1,0
reconx,com.dbtraining.reconx.dto,PagedResponse,36,0,0,0,7,0,2,0,2,0
reconx,com.dbtraining.reconx.dto,ReconResult.Status,0,15,0,0,0,1,0,1,0,1
reconx,com.dbtraining.reconx.dto,LoginRequest,9,0,0,0,1,0,1,0,1,0
reconx,com.dbtraining.reconx.dto,TradeRequest,27,0,0,0,1,0,1,0,1,0
reconx,com.dbtraining.reconx.dto,TradeEvent.EventType,21,0,0,0,2,0,1,0,1,0
reconx,com.dbtraining.reconx.dto,TradeResponse,45,0,0,0,1,0,1,0,1,0
reconx,com.dbtraining.reconx.dto,TradeMapperImpl,138,3,10,0,48,1,10,1,5,1
reconx,com.dbtraining.reconx.dto,ReconRunRequest,12,0,0,0,1,0,1,0,1,0
reconx,com.dbtraining.reconx.dto,ReconResult,0,31,0,0,0,3,0,3,0,3
reconx,com.dbtraining.reconx.dto,LoginResponse,15,0,0,0,1,0,1,0,1,0
reconx,com.dbtraining.reconx.service,ReconciliationService,0,25,0,0,0,8,0,2,0,2
reconx,com.dbtraining.reconx.service,ReconSummaryCollector,75,0,2,0,15,0,10,0,9,0
reconx,com.dbtraining.reconx.service,TradeAnalyticsService.NotionalSummary,9,0,0,0,1,0,1,0,1,0
reconx,com.dbtraining.reconx.service,ReconSummary,19,0,0,0,2,0,2,0,2,0
reconx,com.dbtraining.reconx.service,TradeService,25,18,0,0,5,7,5,1,5,1
reconx,com.dbtraining.reconx.service,InstrumentService,5,6,0,0,1,1,1,1,1,1
reconx,com.dbtraining.reconx.service,ReconSummary.Builder,3,0,0,0,1,0,1,0,1,0
reconx,com.dbtraining.reconx.service,TradeAnalyticsService,153,3,8,0,30,1,15,1,10,1
reconx,com.dbtraining.reconx.service,ReconciliationEngine,136,111,6,8,11,17,13,8,7,6
reconx,com.dbtraining.reconx.service,TradeLookupService,35,0,0,0,9,0,3,0,3,0
